Error: CCI compilation error -c:\lr-pr-2025\wt-2025\wt-demo-webhttphtml1\\pre_cci.c: FindFlight.c:26: error: illegal statement termination.	[MsgId: MERR-19799]
Error: CCI compilation error -c:\lr-pr-2025\wt-2025\wt-demo-webhttphtml1\\pre_cci.c: FindFlight.c:26: error: skipping `<'.	[MsgId: MERR-19799]
Error: CCI compilation error -c:\lr-pr-2025\wt-2025\wt-demo-webhttphtml1\\pre_cci.c: FindFlight.c:26: error: undeclared identifier `option'.	[MsgId: MERR-19799]
Error: CCI compilation error -c:\lr-pr-2025\wt-2025\wt-demo-webhttphtml1\\pre_cci.c: FindFlight.c:26: warning: expression with no effect elided.	[MsgId: MERR-19799]
Error: CCI compilation error -c:\lr-pr-2025\wt-2025\wt-demo-webhttphtml1\\pre_cci.c: FindFlight.c:26: error: syntax error; found `selected' expecting `;'.	[MsgId: MERR-19799]
Error: CCI compilation error -c:\lr-pr-2025\wt-2025\wt-demo-webhttphtml1\\pre_cci.c: FindFlight.c:26: error: undeclared identifier `selected'.	[MsgId: MERR-19799]
Error: CCI compilation error -c:\lr-pr-2025\wt-2025\wt-demo-webhttphtml1\\pre_cci.c: FindFlight.c:26: error: operands of = have illegal types `int' and `pointer to char'.	[MsgId: MERR-19799]
Error: CCI compilation error -c:\lr-pr-2025\wt-2025\wt-demo-webhttphtml1\\pre_cci.c: FindFlight.c:26: error: syntax error; found `value' expecting `;'.	[MsgId: MERR-19799]
Error: CCI compilation error -c:\lr-pr-2025\wt-2025\wt-demo-webhttphtml1\\pre_cci.c: FindFlight.c:26: error: undeclared identifier `value'.	[MsgId: MERR-19799]
Error: CCI compilation error -c:\lr-pr-2025\wt-2025\wt-demo-webhttphtml1\\pre_cci.c: FindFlight.c:26: error: undeclared identifier `Denver'.	[MsgId: MERR-19799]
Error: CCI compilation error -c:\lr-pr-2025\wt-2025\wt-demo-webhttphtml1\\pre_cci.c: FindFlight.c:26: error: operands of > have illegal types `pointer to char' and `int'.	[MsgId: MERR-19799]
Error: CCI compilation error -c:\lr-pr-2025\wt-2025\wt-demo-webhttphtml1\\pre_cci.c: FindFlight.c:26: error: illegal expression.	[MsgId: MERR-19799]
Error: CCI compilation error -c:\lr-pr-2025\wt-2025\wt-demo-webhttphtml1\\pre_cci.c: FindFlight.c:26: error: syntax error; found `option' expecting `;'.	[MsgId: MERR-19799]
Error: CCI compilation error -c:\lr-pr-2025\wt-2025\wt-demo-webhttphtml1\\pre_cci.c: FindFlight.c:26: error: undeclared identifier `it'.	[MsgId: MERR-19799]
Error: CCI compilation error -c:\lr-pr-2025\wt-2025\wt-demo-webhttphtml1\\pre_cci.c: FindFlight.c:26: warning: expression with no effect elided.	[MsgId: MERR-19799]
Error: CCI compilation error -c:\lr-pr-2025\wt-2025\wt-demo-webhttphtml1\\pre_cci.c: FindFlight.c:26: error: syntax error; found `is' expecting `;'.	[MsgId: MERR-19799]
Error: CCI compilation error -c:\lr-pr-2025\wt-2025\wt-demo-webhttphtml1\\pre_cci.c: FindFlight.c:26: error: undeclared identifier `is'.	[MsgId: MERR-19799]
Error: CCI compilation error -c:\lr-pr-2025\wt-2025\wt-demo-webhttphtml1\\pre_cci.c: FindFlight.c:26: warning: expression with no effect elided.	[MsgId: MERR-19799]
Error: CCI compilation error -c:\lr-pr-2025\wt-2025\wt-demo-webhttphtml1\\pre_cci.c: FindFlight.c:26: error: syntax error; found `by' expecting `;'.	[MsgId: MERR-19799]
Error: CCI compilation error -c:\lr-pr-2025\wt-2025\wt-demo-webhttphtml1\\pre_cci.c: FindFlight.c:26: error: undeclared identifier `by'.	[MsgId: MERR-19799]
Error: CCI compilation error -c:\lr-pr-2025\wt-2025\wt-demo-webhttphtml1\\pre_cci.c: FindFlight.c:26: warning: expression with no effect elided.	[MsgId: MERR-19799]
Error: CCI compilation error -c:\lr-pr-2025\wt-2025\wt-demo-webhttphtml1\\pre_cci.c: FindFlight.c:26: error: syntax error; found `default' expecting `;'.	[MsgId: MERR-19799]
Error: CCI compilation error -c:\lr-pr-2025\wt-2025\wt-demo-webhttphtml1\\pre_cci.c: FindFlight.c:26: error: illegal default label.	[MsgId: MERR-19799]
Error: CCI compilation error -c:\lr-pr-2025\wt-2025\wt-demo-webhttphtml1\\pre_cci.c: FindFlight.c:27: error: syntax error; found `Using' expecting `:'.	[MsgId: MERR-19799]
Error: CCI compilation error -c:\lr-pr-2025\wt-2025\wt-demo-webhttphtml1\\pre_cci.c: FindFlight.c:27: error: too many errors.	[MsgId: MERR-19799]
Error: Vuser compilation failed. Please set CCIDebug to Off in CCI section of mdrv.dat file.	[MsgId: MERR-19797]
Warning: Extension cciext.dll reports error -19797 on call to function ExtPerProcessInitialize	[MsgId: MWAR-10485]
Error: Thread Context: Call to service of the driver failed, reason - thread context wasn't initialized on this thread.	[MsgId: MERR-10176]
